<?xml version="1.0" encoding="UTF-8"?>
<!-- Generated by org.testng.reporters.JUnitXMLReporter -->
<testsuite ignored="12" hostname="DESKTOP-KD7B1SL" failures="1" tests="1" name="Default test" time="20.237" errors="0" timestamp="2022-11-21T11:10:46 IST">
  <testcase classname="scripts.inVC_Recurring_Schedule" name="tc12" time="13.177">
    <failure type="org.openqa.selenium.UnsupportedCommandException" message="getElementDomAttribute
Build info: version: &amp;apos;4.4.0&amp;apos;, revision: &amp;apos;e5c75ed026a&amp;apos;
System info: host: &amp;apos;DESKTOP-KD7B1SL&amp;apos;, ip: &amp;apos;172.16.16.92&amp;apos;, os.name: &amp;apos;Windows 10&amp;apos;, os.arch: &amp;apos;amd64&amp;apos;, os.version: &amp;apos;10.0&amp;apos;, java.version: &amp;apos;17.0.4&amp;apos;
Driver info: org.openqa.selenium.opera.OperaDriver
Command: [22f64e4eeb764a1dd8fd7338b066d9f4, getElementDomAttribute {id=0.035424139106485564-14, name=multiple}]
Capabilities {acceptInsecureCerts: false, acceptSslCerts: false, browserConnectionEnabled: false, browserName: opera, cssSelectorsEnabled: true, databaseEnabled: false, goog:chromeOptions: {debuggerAddress: localhost:60409}, handlesAlerts: true, hasTouchScreen: false, javascriptEnabled: true, locationContextEnabled: true, mobileEmulationEnabled: false, nativeEvents: true, networkConnectionEnabled: false, opera: {operadriverVersion: 106.0.5249.119 (9f2101830b5..., userDataDir: C:\Users\Sohel\AppData\Loca...}, pageLoadStrategy: normal, platform: Windows, platformName: ANY, proxy: Proxy(), rotatable: false, setWindowRect: true, strictFileInteractability: false, takesHeapSnapshot: true, takesScreenshot: true, timeouts: {implicit: 0, pageLoad: 300000, script: 30000}, unexpectedAlertBehaviour: ignore, unhandledPromptBehavior: ignore, version: 106.0.5249.168, webStorageEnabled: true, webauthn:extension:credBlob: true, webauthn:extension:largeBlob: true, webauthn:virtualAuthenticators: true}
Element: [[OperaDriver: opera on ANY (22f64e4eeb764a1dd8fd7338b066d9f4)] -&amp;gt; id: selecSeats]
Session ID: 22f64e4eeb764a1dd8fd7338b066d9f4">
      <![CDATA[org.openqa.selenium.UnsupportedCommandException: getElementDomAttribute
Build info: version: '4.4.0', revision: 'e5c75ed026a'
System info: host: 'DESKTOP-KD7B1SL', ip: '172.16.16.92', os.name: 'Windows 10', os.arch: 'amd64', os.version: '10.0', java.version: '17.0.4'
Driver info: org.openqa.selenium.opera.OperaDriver
Command: [22f64e4eeb764a1dd8fd7338b066d9f4, getElementDomAttribute {id=0.035424139106485564-14, name=multiple}]
Capabilities {acceptInsecureCerts: false, acceptSslCerts: false, browserConnectionEnabled: false, browserName: opera, cssSelectorsEnabled: true, databaseEnabled: false, goog:chromeOptions: {debuggerAddress: localhost:60409}, handlesAlerts: true, hasTouchScreen: false, javascriptEnabled: true, locationContextEnabled: true, mobileEmulationEnabled: false, nativeEvents: true, networkConnectionEnabled: false, opera: {operadriverVersion: 106.0.5249.119 (9f2101830b5..., userDataDir: C:\Users\Sohel\AppData\Loca...}, pageLoadStrategy: normal, platform: Windows, platformName: ANY, proxy: Proxy(), rotatable: false, setWindowRect: true, strictFileInteractability: false, takesHeapSnapshot: true, takesScreenshot: true, timeouts: {implicit: 0, pageLoad: 300000, script: 30000}, unexpectedAlertBehaviour: ignore, unhandledPromptBehavior: ignore, version: 106.0.5249.168, webStorageEnabled: true, webauthn:extension:credBlob: true, webauthn:extension:largeBlob: true, webauthn:virtualAuthenticators: true}
Element: [[OperaDriver: opera on ANY (22f64e4eeb764a1dd8fd7338b066d9f4)] -> id: selecSeats]
Session ID: 22f64e4eeb764a1dd8fd7338b066d9f4
at org.openqa.selenium.remote.codec.AbstractHttpCommandCodec.encode(AbstractHttpCommandCodec.java:250)
at org.openqa.selenium.remote.codec.AbstractHttpCommandCodec.encode(AbstractHttpCommandCodec.java:127)
at org.openqa.selenium.remote.HttpCommandExecutor.execute(HttpCommandExecutor.java:172)
at org.openqa.selenium.remote.service.DriverCommandExecutor.invokeExecute(DriverCommandExecutor.java:167)
at org.openqa.selenium.remote.service.DriverCommandExecutor.execute(DriverCommandExecutor.java:142)
at org.openqa.selenium.remote.RemoteWebDriver.execute(RemoteWebDriver.java:547)
at org.openqa.selenium.remote.RemoteWebElement.execute(RemoteWebElement.java:257)
at org.openqa.selenium.remote.RemoteWebElement.getDomAttribute(RemoteWebElement.java:151)
at org.openqa.selenium.support.ui.Select.<init>(Select.java:54)
at scripts.inVC_Recurring_Schedule.tc12(inVC_Recurring_Schedule.java:766)
at java.base/jdk.internal.reflect.NativeMethodAccessorImpl.invoke0(Native Method)
at java.base/jdk.internal.reflect.NativeMethodAccessorImpl.invoke(NativeMethodAccessorImpl.java:77)
at java.base/jdk.internal.reflect.DelegatingMethodAccessorImpl.invoke(DelegatingMethodAccessorImpl.java:43)
at java.base/java.lang.reflect.Method.invoke(Method.java:568)
at org.testng.internal.MethodInvocationHelper.invokeMethod(MethodInvocationHelper.java:133)
at org.testng.internal.TestInvoker.invokeMethod(TestInvoker.java:598)
at org.testng.internal.TestInvoker.invokeTestMethod(TestInvoker.java:173)
at org.testng.internal.MethodRunner.runInSequence(MethodRunner.java:46)
at org.testng.internal.TestInvoker$MethodInvocationAgent.invoke(TestInvoker.java:824)
at org.testng.internal.TestInvoker.invokeTestMethods(TestInvoker.java:146)
at org.testng.internal.TestMethodWorker.invokeTestMethods(TestMethodWorker.java:146)
at org.testng.internal.TestMethodWorker.run(TestMethodWorker.java:128)
at java.base/java.util.ArrayList.forEach(ArrayList.java:1511)
at org.testng.TestRunner.privateRun(TestRunner.java:794)
at org.testng.TestRunner.run(TestRunner.java:596)
at org.testng.SuiteRunner.runTest(SuiteRunner.java:377)
at org.testng.SuiteRunner.runSequentially(SuiteRunner.java:371)
at org.testng.SuiteRunner.privateRun(SuiteRunner.java:332)
at org.testng.SuiteRunner.run(SuiteRunner.java:276)
at org.testng.SuiteRunnerWorker.runSuite(SuiteRunnerWorker.java:53)
at org.testng.SuiteRunnerWorker.run(SuiteRunnerWorker.java:96)
at org.testng.TestNG.runSuitesSequentially(TestNG.java:1212)
at org.testng.TestNG.runSuitesLocally(TestNG.java:1134)
at org.testng.TestNG.runSuites(TestNG.java:1063)
at org.testng.TestNG.run(TestNG.java:1031)
at org.testng.remote.AbstractRemoteTestNG.run(AbstractRemoteTestNG.java:115)
at org.testng.remote.RemoteTestNG.initAndRun(RemoteTestNG.java:251)
at org.testng.remote.RemoteTestNG.main(RemoteTestNG.java:77)
]]>
    </failure>
  </testcase> <!-- tc12 -->
  <testcase classname="scripts.inVC_Recurring_Schedule" name="tc8" time="0.0">
    <ignored/>
  </testcase> <!-- tc8 -->
  <testcase classname="scripts.inVC_Recurring_Schedule" name="tc9" time="0.0">
    <ignored/>
  </testcase> <!-- tc9 -->
  <testcase classname="scripts.inVC_Recurring_Schedule" name="tc11" time="0.0">
    <ignored/>
  </testcase> <!-- tc11 -->
  <testcase classname="scripts.inVC_Recurring_Schedule" name="tc10" time="0.0">
    <ignored/>
  </testcase> <!-- tc10 -->
  <testcase classname="scripts.inVC_Recurring_Schedule" name="tc1" time="0.0">
    <ignored/>
  </testcase> <!-- tc1 -->
  <testcase classname="scripts.inVC_Recurring_Schedule" name="tc2" time="0.0">
    <ignored/>
  </testcase> <!-- tc2 -->
  <testcase classname="scripts.inVC_Recurring_Schedule" name="tc3" time="0.0">
    <ignored/>
  </testcase> <!-- tc3 -->
  <testcase classname="scripts.inVC_Recurring_Schedule" name="tc4" time="0.0">
    <ignored/>
  </testcase> <!-- tc4 -->
  <testcase classname="scripts.inVC_Recurring_Schedule" name="tc5" time="0.0">
    <ignored/>
  </testcase> <!-- tc5 -->
  <testcase classname="scripts.inVC_Recurring_Schedule" name="tc14" time="0.0">
    <ignored/>
  </testcase> <!-- tc14 -->
  <testcase classname="scripts.inVC_Recurring_Schedule" name="tc6" time="0.0">
    <ignored/>
  </testcase> <!-- tc6 -->
  <testcase classname="scripts.inVC_Recurring_Schedule" name="tc7" time="0.0">
    <ignored/>
  </testcase> <!-- tc7 -->
</testsuite> <!-- Default test -->
